2021-09-21 10:53:38,554 [thr=1] INFO  FlyFast.API.WebApiApplication.Application_Start - ----------------------------------------------------------Lancement Application Web Star ------------------------------------------------
2021-09-21 10:53:38,591 [thr=1] INFO  FlyFast.API.WebApiApplication.Application_Start - Lancement  iisexpress in console mode
2021-09-21 11:15:23,083 [thr=1] INFO  FlyFast.API.WebApiApplication.Application_Start - ----------------------------------------------------------Lancement Application Web Star ------------------------------------------------
2021-09-21 11:15:23,114 [thr=1] INFO  FlyFast.API.WebApiApplication.Application_Start - Lancement  iisexpress in console mode
2021-09-21 11:16:13,158 [thr=1] INFO  FlyFast.API.WebApiApplication.Application_Start - ----------------------------------------------------------Lancement Application Web Star ------------------------------------------------
2021-09-21 11:16:13,184 [thr=1] INFO  FlyFast.API.WebApiApplication.Application_Start - Lancement  iisexpress in console mode
2021-09-21 11:16:23,032 [thr=1] INFO  FlyFast.API.WebApiApplication.Application_Start - ----------------------------------------------------------Lancement Application Web Star ------------------------------------------------
2021-09-21 11:16:23,060 [thr=1] INFO  FlyFast.API.WebApiApplication.Application_Start - Lancement  iisexpress in console mode
2021-09-21 11:16:45,674 [thr=1] INFO  FlyFast.API.WebApiApplication.Application_Start - ----------------------------------------------------------Lancement Application Web Star ------------------------------------------------
2021-09-21 11:16:45,705 [thr=1] INFO  FlyFast.API.WebApiApplication.Application_Start - Lancement  iisexpress in console mode
2021-09-21 11:20:57,631 [thr=1] INFO  FlyFast.API.WebApiApplication.Application_Start - ----------------------------------------------------------Lancement Application Web Star ------------------------------------------------
2021-09-21 11:20:57,663 [thr=1] INFO  FlyFast.API.WebApiApplication.Application_Start - Lancement  iisexpress in console mode
2021-09-21 11:22:42,104 [thr=1] INFO  FlyFast.API.WebApiApplication.Application_Start - ----------------------------------------------------------Lancement Application Web Star ------------------------------------------------
2021-09-21 11:22:42,130 [thr=1] INFO  FlyFast.API.WebApiApplication.Application_Start - Lancement  iisexpress in console mode
2021-09-21 11:33:11,750 [thr=1] INFO  FlyFast.API.WebApiApplication.Application_Start - ----------------------------------------------------------Lancement Application Web Star ------------------------------------------------
2021-09-21 11:33:11,780 [thr=1] INFO  FlyFast.API.WebApiApplication.Application_Start - Lancement  iisexpress in console mode
2021-09-21 11:33:13,302 [thr=6] ERROR FlyFast.API.Repository.DeviseRepository.GetDevises - System.InvalidOperationException: Il existe une erreur dans le document XML (2, 2). ---> System.InvalidOperationException: <Envelope xmlns='http://www.gesmes.org/xml/2002-08-01'> n'était pas attendu.
   à Microsoft.Xml.Serialization.GeneratedAssembly.XmlSerializationReaderList1.Read3_Cube()
   --- Fin de la trace de la pile d'exception interne ---
   à System.Xml.Serialization.XmlSerializer.Deserialize(XmlReader xmlReader, String encodingStyle, XmlDeserializationEvents events)
   à System.Xml.Serialization.XmlSerializer.Deserialize(XmlReader xmlReader)
   à FlyFast.API.Repository.DeviseRepository.GetDevises() dans C:\Users\didim\OneDrive\Documents\GitHub\FlyFastApi\FlyFast.API\FlyFast.API\Repository\DeviseRepository.cs:ligne 33
2021-09-21 11:41:30,475 [thr=1] INFO  FlyFast.API.WebApiApplication.Application_Start - ----------------------------------------------------------Lancement Application Web Star ------------------------------------------------
2021-09-21 11:41:30,520 [thr=1] INFO  FlyFast.API.WebApiApplication.Application_Start - Lancement  iisexpress in console mode
2021-09-21 11:44:19,167 [thr=1] INFO  FlyFast.API.WebApiApplication.Application_Start - ----------------------------------------------------------Lancement Application Web Star ------------------------------------------------
2021-09-21 11:44:19,192 [thr=1] INFO  FlyFast.API.WebApiApplication.Application_Start - Lancement  iisexpress in console mode
2021-09-21 11:45:04,724 [thr=1] INFO  FlyFast.API.WebApiApplication.Application_Start - ----------------------------------------------------------Lancement Application Web Star ------------------------------------------------
2021-09-21 11:45:04,751 [thr=1] INFO  FlyFast.API.WebApiApplication.Application_Start - Lancement  iisexpress in console mode
2021-09-21 11:45:37,265 [thr=1] INFO  FlyFast.API.WebApiApplication.Application_Start - ----------------------------------------------------------Lancement Application Web Star ------------------------------------------------
2021-09-21 11:45:37,290 [thr=1] INFO  FlyFast.API.WebApiApplication.Application_Start - Lancement  iisexpress in console mode
2021-09-21 11:48:50,396 [thr=1] INFO  FlyFast.API.WebApiApplication.Application_Start - ----------------------------------------------------------Lancement Application Web Star ------------------------------------------------
2021-09-21 11:48:50,427 [thr=1] INFO  FlyFast.API.WebApiApplication.Application_Start - Lancement  iisexpress in console mode
2021-09-21 11:49:34,082 [thr=1] INFO  FlyFast.API.WebApiApplication.Application_Start - ----------------------------------------------------------Lancement Application Web Star ------------------------------------------------
2021-09-21 11:49:34,110 [thr=1] INFO  FlyFast.API.WebApiApplication.Application_Start - Lancement  iisexpress in console mode
2021-09-21 11:50:25,786 [thr=1] INFO  FlyFast.API.WebApiApplication.Application_Start - ----------------------------------------------------------Lancement Application Web Star ------------------------------------------------
2021-09-21 11:50:25,820 [thr=1] INFO  FlyFast.API.WebApiApplication.Application_Start - Lancement  iisexpress in console mode
2021-09-21 11:51:20,278 [thr=1] INFO  FlyFast.API.WebApiApplication.Application_Start - ----------------------------------------------------------Lancement Application Web Star ------------------------------------------------
2021-09-21 11:51:20,313 [thr=1] INFO  FlyFast.API.WebApiApplication.Application_Start - Lancement  iisexpress in console mode
2021-09-21 11:53:34,590 [thr=1] INFO  FlyFast.API.WebApiApplication.Application_Start - ----------------------------------------------------------Lancement Application Web Star ------------------------------------------------
2021-09-21 11:53:34,621 [thr=1] INFO  FlyFast.API.WebApiApplication.Application_Start - Lancement  iisexpress in console mode
2021-09-21 11:53:44,421 [thr=1] INFO  FlyFast.API.WebApiApplication.Application_Start - ----------------------------------------------------------Lancement Application Web Star ------------------------------------------------
2021-09-21 11:53:44,454 [thr=1] INFO  FlyFast.API.WebApiApplication.Application_Start - Lancement  iisexpress in console mode
2021-09-21 12:04:37,913 [thr=1] INFO  FlyFast.API.WebApiApplication.Application_Start - ----------------------------------------------------------Lancement Application Web Star ------------------------------------------------
2021-09-21 12:04:37,952 [thr=1] INFO  FlyFast.API.WebApiApplication.Application_Start - Lancement  iisexpress in console mode
2021-09-21 12:14:29,828 [thr=1] INFO  FlyFast.API.WebApiApplication.Application_Start - ----------------------------------------------------------Lancement Application Web Star ------------------------------------------------
2021-09-21 12:14:29,862 [thr=1] INFO  FlyFast.API.WebApiApplication.Application_Start - Lancement  iisexpress in console mode
2021-09-21 12:16:54,914 [thr=1] INFO  FlyFast.API.WebApiApplication.Application_Start - ----------------------------------------------------------Lancement Application Web Star ------------------------------------------------
2021-09-21 12:16:54,953 [thr=1] INFO  FlyFast.API.WebApiApplication.Application_Start - Lancement  iisexpress in console mode
2021-09-21 12:17:53,366 [thr=1] INFO  FlyFast.API.WebApiApplication.Application_Start - ----------------------------------------------------------Lancement Application Web Star ------------------------------------------------
2021-09-21 12:17:53,396 [thr=1] INFO  FlyFast.API.WebApiApplication.Application_Start - Lancement  iisexpress in console mode
2021-09-21 12:18:24,639 [thr=1] INFO  FlyFast.API.WebApiApplication.Application_Start - ----------------------------------------------------------Lancement Application Web Star ------------------------------------------------
2021-09-21 12:18:24,682 [thr=1] INFO  FlyFast.API.WebApiApplication.Application_Start - Lancement  iisexpress in console mode
2021-09-21 12:22:23,062 [thr=1] INFO  FlyFast.API.WebApiApplication.Application_Start - ----------------------------------------------------------Lancement Application Web Star ------------------------------------------------
2021-09-21 12:22:23,095 [thr=1] INFO  FlyFast.API.WebApiApplication.Application_Start - Lancement  iisexpress in console mode
2021-09-21 12:23:41,771 [thr=1] INFO  FlyFast.API.WebApiApplication.Application_Start - ----------------------------------------------------------Lancement Application Web Star ------------------------------------------------
2021-09-21 12:23:41,801 [thr=1] INFO  FlyFast.API.WebApiApplication.Application_Start - Lancement  iisexpress in console mode
2021-09-21 12:46:45,515 [thr=1] INFO  FlyFast.API.WebApiApplication.Application_Start - ----------------------------------------------------------Lancement Application Web Star ------------------------------------------------
2021-09-21 12:46:45,545 [thr=1] INFO  FlyFast.API.WebApiApplication.Application_Start - Lancement  iisexpress in console mode
2021-09-21 12:47:29,174 [thr=1] INFO  FlyFast.API.WebApiApplication.Application_Start - ----------------------------------------------------------Lancement Application Web Star ------------------------------------------------
2021-09-21 12:47:29,206 [thr=1] INFO  FlyFast.API.WebApiApplication.Application_Start - Lancement  iisexpress in console mode
2021-09-21 12:47:42,086 [thr=1] INFO  FlyFast.API.WebApiApplication.Application_Start - ----------------------------------------------------------Lancement Application Web Star ------------------------------------------------
2021-09-21 12:47:42,120 [thr=1] INFO  FlyFast.API.WebApiApplication.Application_Start - Lancement  iisexpress in console mode
2021-09-21 12:48:07,626 [thr=1] INFO  FlyFast.API.WebApiApplication.Application_Start - ----------------------------------------------------------Lancement Application Web Star ------------------------------------------------
2021-09-21 12:48:07,658 [thr=1] INFO  FlyFast.API.WebApiApplication.Application_Start - Lancement  iisexpress in console mode
2021-09-21 12:51:54,680 [thr=1] INFO  FlyFast.API.WebApiApplication.Application_Start - ----------------------------------------------------------Lancement Application Web Star ------------------------------------------------
2021-09-21 12:51:54,704 [thr=1] INFO  FlyFast.API.WebApiApplication.Application_Start - Lancement  iisexpress in console mode
2021-09-21 12:52:20,436 [thr=1] INFO  FlyFast.API.WebApiApplication.Application_Start - ----------------------------------------------------------Lancement Application Web Star ------------------------------------------------
2021-09-21 12:52:20,463 [thr=1] INFO  FlyFast.API.WebApiApplication.Application_Start - Lancement  iisexpress in console mode
2021-09-21 12:53:16,523 [thr=1] INFO  FlyFast.API.WebApiApplication.Application_Start - ----------------------------------------------------------Lancement Application Web Star ------------------------------------------------
2021-09-21 12:53:16,546 [thr=1] INFO  FlyFast.API.WebApiApplication.Application_Start - Lancement  iisexpress in console mode
2021-09-21 12:53:42,784 [thr=1] INFO  FlyFast.API.WebApiApplication.Application_Start - ----------------------------------------------------------Lancement Application Web Star ------------------------------------------------
2021-09-21 12:53:42,818 [thr=1] INFO  FlyFast.API.WebApiApplication.Application_Start - Lancement  iisexpress in console mode
2021-09-21 12:54:26,918 [thr=1] INFO  FlyFast.API.WebApiApplication.Application_Start - ----------------------------------------------------------Lancement Application Web Star ------------------------------------------------
2021-09-21 12:54:26,955 [thr=1] INFO  FlyFast.API.WebApiApplication.Application_Start - Lancement  iisexpress in console mode
2021-09-21 12:56:59,992 [thr=1] INFO  FlyFast.API.WebApiApplication.Application_Start - ----------------------------------------------------------Lancement Application Web Star ------------------------------------------------
2021-09-21 12:57:00,024 [thr=1] INFO  FlyFast.API.WebApiApplication.Application_Start - Lancement  iisexpress in console mode
2021-09-21 13:01:19,089 [thr=1] INFO  FlyFast.API.WebApiApplication.Application_Start - ----------------------------------------------------------Lancement Application Web Star ------------------------------------------------
2021-09-21 13:01:19,120 [thr=1] INFO  FlyFast.API.WebApiApplication.Application_Start - Lancement  iisexpress in console mode
2021-09-21 13:15:33,847 [thr=1] INFO  FlyFast.API.WebApiApplication.Application_Start - ----------------------------------------------------------Lancement Application Web Star ------------------------------------------------
2021-09-21 13:15:33,871 [thr=1] INFO  FlyFast.API.WebApiApplication.Application_Start - Lancement  iisexpress in console mode
2021-09-21 13:15:56,582 [thr=1] INFO  FlyFast.API.WebApiApplication.Application_Start - ----------------------------------------------------------Lancement Application Web Star ------------------------------------------------
2021-09-21 13:15:56,611 [thr=1] INFO  FlyFast.API.WebApiApplication.Application_Start - Lancement  iisexpress in console mode
2021-09-21 13:16:41,388 [thr=1] INFO  FlyFast.API.WebApiApplication.Application_Start - ----------------------------------------------------------Lancement Application Web Star ------------------------------------------------
2021-09-21 13:16:41,414 [thr=1] INFO  FlyFast.API.WebApiApplication.Application_Start - Lancement  iisexpress in console mode
2021-09-21 13:17:54,018 [thr=1] INFO  FlyFast.API.WebApiApplication.Application_Start - ----------------------------------------------------------Lancement Application Web Star ------------------------------------------------
2021-09-21 13:17:54,052 [thr=1] INFO  FlyFast.API.WebApiApplication.Application_Start - Lancement  iisexpress in console mode
2021-09-21 13:19:02,136 [thr=1] INFO  FlyFast.API.WebApiApplication.Application_Start - ----------------------------------------------------------Lancement Application Web Star ------------------------------------------------
2021-09-21 13:19:02,167 [thr=1] INFO  FlyFast.API.WebApiApplication.Application_Start - Lancement  iisexpress in console mode
2021-09-21 13:24:19,915 [thr=1] INFO  FlyFast.API.WebApiApplication.Application_Start - ----------------------------------------------------------Lancement Application Web Star ------------------------------------------------
2021-09-21 13:24:19,942 [thr=1] INFO  FlyFast.API.WebApiApplication.Application_Start - Lancement  iisexpress in console mode
2021-09-21 13:25:32,939 [thr=1] INFO  FlyFast.API.WebApiApplication.Application_Start - ----------------------------------------------------------Lancement Application Web Star ------------------------------------------------
2021-09-21 13:25:32,964 [thr=1] INFO  FlyFast.API.WebApiApplication.Application_Start - Lancement  iisexpress in console mode
2021-09-21 13:25:58,107 [thr=1] INFO  FlyFast.API.WebApiApplication.Application_Start - ----------------------------------------------------------Lancement Application Web Star ------------------------------------------------
2021-09-21 13:25:58,132 [thr=1] INFO  FlyFast.API.WebApiApplication.Application_Start - Lancement  iisexpress in console mode
2021-09-21 13:28:59,034 [thr=1] INFO  FlyFast.API.WebApiApplication.Application_Start - ----------------------------------------------------------Lancement Application Web Star ------------------------------------------------
2021-09-21 13:28:59,058 [thr=1] INFO  FlyFast.API.WebApiApplication.Application_Start - Lancement  iisexpress in console mode
2021-09-21 13:30:55,796 [thr=1] INFO  FlyFast.API.WebApiApplication.Application_Start - ----------------------------------------------------------Lancement Application Web Star ------------------------------------------------
2021-09-21 13:30:55,831 [thr=1] INFO  FlyFast.API.WebApiApplication.Application_Start - Lancement  iisexpress in console mode
2021-09-21 13:31:42,934 [thr=1] INFO  FlyFast.API.WebApiApplication.Application_Start - ----------------------------------------------------------Lancement Application Web Star ------------------------------------------------
2021-09-21 13:31:42,970 [thr=1] INFO  FlyFast.API.WebApiApplication.Application_Start - Lancement  iisexpress in console mode
2021-09-21 13:33:13,186 [thr=1] INFO  FlyFast.API.WebApiApplication.Application_Start - ----------------------------------------------------------Lancement Application Web Star ------------------------------------------------
2021-09-21 13:33:13,209 [thr=1] INFO  FlyFast.API.WebApiApplication.Application_Start - Lancement  iisexpress in console mode
2021-09-21 13:33:40,340 [thr=1] INFO  FlyFast.API.WebApiApplication.Application_Start - ----------------------------------------------------------Lancement Application Web Star ------------------------------------------------
2021-09-21 13:33:40,376 [thr=1] INFO  FlyFast.API.WebApiApplication.Application_Start - Lancement  iisexpress in console mode
2021-09-21 13:36:40,840 [thr=1] INFO  FlyFast.API.WebApiApplication.Application_Start - ----------------------------------------------------------Lancement Application Web Star ------------------------------------------------
2021-09-21 13:36:40,875 [thr=1] INFO  FlyFast.API.WebApiApplication.Application_Start - Lancement  iisexpress in console mode
2021-09-21 13:41:48,609 [thr=1] INFO  FlyFast.API.WebApiApplication.Application_Start - ----------------------------------------------------------Lancement Application Web Star ------------------------------------------------
2021-09-21 13:41:48,641 [thr=1] INFO  FlyFast.API.WebApiApplication.Application_Start - Lancement  iisexpress in console mode
2021-09-21 13:43:11,309 [thr=1] INFO  FlyFast.API.WebApiApplication.Application_Start - ----------------------------------------------------------Lancement Application Web Star ------------------------------------------------
2021-09-21 13:43:11,345 [thr=1] INFO  FlyFast.API.WebApiApplication.Application_Start - Lancement  iisexpress in console mode
